<?xml version="1.0" encoding="UTF-8"?>
<!-- Generated by org.testng.reporters.JUnitXMLReporter -->
<testsuite ignored="0" hostname="Rohits-MacBook-Pro.local" failures="0" tests="4" name="Default test" time="14.989" errors="0" timestamp="2020-10-25T10:24:12 PDT">
  <testcase classname="ni.automation.ni_selenium.HomePage" name="testSocialIcons" time="4.366"/>
  <testcase classname="ni.automation.ni_selenium.HomePage" name="testLinks" time="6.452"/>
  <testcase classname="ni.automation.ni_selenium.HomePage" name="testStaticButtons" time="0.792"/>
  <testcase classname="ni.automation.ni_selenium.HomePage" name="testLogo" time="0.052"/>
</testsuite> <!-- Default test -->
