<?xml version="1.0" encoding="UTF-8"?>
<!-- Generated by org.testng.reporters.JUnitXMLReporter -->
<testsuite ignored="0" hostname="Rohits-MacBook-Pro.local" failures="0" tests="13" name="Test" time="31.619" errors="0" timestamp="2020-10-24T19:16:32 PDT">
  <testcase classname="ni.automation.ni_selenium.HomePage" name="testSocialIcons" time="7.072"/>
  <testcase classname="ni.automation.ni_selenium.HomePage" name="testLinks" time="5.409"/>
  <testcase classname="ni.automation.ni_selenium.HomePage" name="testStaticButtons" time="0.678"/>
  <testcase classname="ni.automation.ni_selenium.HomePage" name="testLogo" time="0.052"/>
  <testcase classname="ni.automation.ni_selenium.AppointmentPage" name="testRequired" time="0.139"/>
  <testcase classname="ni.automation.ni_selenium.AppointmentPage" name="testLocationOptions" time="0.088"/>
  <testcase classname="ni.automation.ni_selenium.AppointmentPage" name="testServiceOptions" time="0.696"/>
  <testcase classname="ni.automation.ni_selenium.ContactPage" name="testContactButtons" time="0.051"/>
  <testcase classname="ni.automation.ni_selenium.ContactPage" name="testRequiredMessageFields" time="0.112"/>
  <testcase classname="ni.automation.ni_selenium.AppTest" name="shouldAnswerWithTrue" time="0.001"/>
  <testcase classname="ni.automation.ni_selenium.AboutUsPage" name="testPageTitle" time="0.005"/>
  <testcase classname="ni.automation.ni_selenium.AboutUsPage" name="testHomeLink" time="0.61"/>
  <testcase classname="ni.automation.ni_selenium.AboutUsPage" name="testMemberPages" time="2.392"/>
</testsuite> <!-- Test -->
