<?xml version="1.0" encoding="UTF-8"?>
<!-- Generated by org.testng.reporters.JUnitXMLReporter -->
<testsuite ignored="0" hostname="Rohits-MacBook-Pro.local" failures="0" tests="13" name="Test" time="33.561" errors="0" timestamp="2020-10-25T10:15:54 PDT">
  <testcase classname="ni.automation.ni_selenium.HomePage" name="testSocialIcons" time="7.506"/>
  <testcase classname="ni.automation.ni_selenium.HomePage" name="testLinks" time="8.215"/>
  <testcase classname="ni.automation.ni_selenium.HomePage" name="testStaticButtons" time="0.726"/>
  <testcase classname="ni.automation.ni_selenium.HomePage" name="testLogo" time="0.062"/>
  <testcase classname="ni.automation.ni_selenium.AppointmentPage" name="testRequiredAppointmentFields" time="0.136"/>
  <testcase classname="ni.automation.ni_selenium.AppointmentPage" name="testLocationOptions" time="0.08"/>
  <testcase classname="ni.automation.ni_selenium.AppointmentPage" name="testServiceOptions" time="0.66"/>
  <testcase classname="ni.automation.ni_selenium.ContactPage" name="testContactButtons" time="0.05"/>
  <testcase classname="ni.automation.ni_selenium.ContactPage" name="testRequiredMessageFields" time="0.099"/>
  <testcase classname="ni.automation.ni_selenium.AppTest" name="shouldAnswerWithTrue" time="0.0"/>
  <testcase classname="ni.automation.ni_selenium.AboutUsPage" name="testPageTitle" time="0.004"/>
  <testcase classname="ni.automation.ni_selenium.AboutUsPage" name="testHomeLink" time="0.552"/>
  <testcase classname="ni.automation.ni_selenium.AboutUsPage" name="testMemberPages" time="2.403"/>
</testsuite> <!-- Test -->
