<?xml version="1.0" encoding="UTF-8"?>
<!-- Generated by org.testng.reporters.JUnitXMLReporter -->
<testsuite ignored="0" hostname="Rohits-MacBook-Pro.local" failures="0" tests="3" name="Validating About Us Page" time="6.664" errors="0" timestamp="2020-10-26T09:27:16 PDT">
  <testcase classname="ni.automation.ni_selenium.AboutUsPage" name="testPageTitle" time="0.007"/>
  <testcase classname="ni.automation.ni_selenium.AboutUsPage" name="testHomeLink" time="0.426"/>
  <testcase classname="ni.automation.ni_selenium.AboutUsPage" name="testMemberPages" time="2.222"/>
</testsuite> <!-- Validating About Us Page -->
