<?xml version="1.0" encoding="UTF-8"?>
<!-- Generated by org.testng.reporters.JUnitXMLReporter -->
<testsuite ignored="0" hostname="Rohits-MacBook-Pro.local" failures="0" tests="3" name="Validating Appointment Page" time="4.304" errors="0" timestamp="2020-10-26T09:26:53 PDT">
  <testcase classname="ni.automation.ni_selenium.AppointmentPage" name="testRequiredAppointmentFields" time="0.311"/>
  <testcase classname="ni.automation.ni_selenium.AppointmentPage" name="testLocationOptions" time="0.086"/>
  <testcase classname="ni.automation.ni_selenium.AppointmentPage" name="testServiceOptions" time="0.642"/>
</testsuite> <!-- Validating Appointment Page -->
