<?xml version="1.0" encoding="UTF-8"?>
<!-- Generated by org.testng.reporters.JUnitXMLReporter -->
<testsuite ignored="0" hostname="Rohits-MacBook-Pro.local" failures="0" tests="4" name="Validating Home Page" time="14.03" errors="0" timestamp="2020-10-26T09:26:49 PDT">
  <testcase classname="ni.automation.ni_selenium.HomePage" name="testSocialIcons" time="5.079"/>
  <testcase classname="ni.automation.ni_selenium.HomePage" name="testLinks" time="5.029"/>
  <testcase classname="ni.automation.ni_selenium.HomePage" name="testStaticButtons" time="0.706"/>
  <testcase classname="ni.automation.ni_selenium.HomePage" name="testLogo" time="0.053"/>
</testsuite> <!-- Validating Home Page -->
