<?xml version="1.0" encoding="UTF-8"?>
<!-- Generated by org.testng.reporters.JUnitXMLReporter -->
<testsuite ignored="0" hostname="Rohits-MacBook-Pro.local" failures="0" tests="2" name="Validating Contact Page" time="6.303" errors="0" timestamp="2020-10-26T09:27:04 PDT">
  <testcase classname="ni.automation.ni_selenium.ContactPage" name="testContactButtons" time="0.058"/>
  <testcase classname="ni.automation.ni_selenium.ContactPage" name="testRequiredMessageFields" time="0.114"/>
</testsuite> <!-- Validating Contact Page -->
