<?xml version="1.0" encoding="UTF-8"?>
<testng-results ignored="0" total="4" passed="4" failed="0" skipped="0">
  <reporter-output>
  </reporter-output>
  <suite started-at="2020-10-25T10:23:52 PDT" name="Default suite" finished-at="2020-10-25T10:24:07 PDT" duration-ms="14989">
    <groups>
    </groups>
    <test started-at="2020-10-25T10:23:52 PDT" name="Default test" finished-at="2020-10-25T10:24:07 PDT" duration-ms="14989">
      <class name="ni.automation.ni_selenium.HomePage">
        <test-method is-config="true" signature="inintializeDriver()[pri:0, instance:ni.automation.ni_selenium.HomePage@38089a5a]" started-at="2020-10-25T10:23:52 PDT" name="inintializeDriver" finished-at="2020-10-25T10:23:55 PDT" duration-ms="3124" status="PASS">
          <reporter-output>
          </reporter-output>
        </test-method> <!-- inintializeDriver -->
        <test-method signature="testSocialIcons()[pri:0, instance:ni.automation.ni_selenium.HomePage@38089a5a]" started-at="2020-10-25T10:23:55 PDT" name="testSocialIcons" finished-at="2020-10-25T10:23:59 PDT" duration-ms="4366" status="PASS">
          <reporter-output>
          </reporter-output>
        </test-method> <!-- testSocialIcons -->
        <test-method signature="testLinks()[pri:1, instance:ni.automation.ni_selenium.HomePage@38089a5a]" started-at="2020-10-25T10:23:59 PDT" name="testLinks" finished-at="2020-10-25T10:24:06 PDT" duration-ms="6452" status="PASS">
          <reporter-output>
          </reporter-output>
        </test-method> <!-- testLinks -->
        <test-method signature="testStaticButtons()[pri:2, instance:ni.automation.ni_selenium.HomePage@38089a5a]" started-at="2020-10-25T10:24:06 PDT" name="testStaticButtons" finished-at="2020-10-25T10:24:07 PDT" duration-ms="792" status="PASS">
          <reporter-output>
          </reporter-output>
        </test-method> <!-- testStaticButtons -->
        <test-method signature="testLogo()[pri:3, instance:ni.automation.ni_selenium.HomePage@38089a5a]" started-at="2020-10-25T10:24:07 PDT" name="testLogo" finished-at="2020-10-25T10:24:07 PDT" duration-ms="52" status="PASS">
          <reporter-output>
          </reporter-output>
        </test-method> <!-- testLogo -->
        <test-method is-config="true" signature="teardown()[pri:0, instance:ni.automation.ni_selenium.HomePage@38089a5a]" started-at="2020-10-25T10:24:07 PDT" name="teardown" finished-at="2020-10-25T10:24:07 PDT" duration-ms="178" status="PASS">
          <reporter-output>
          </reporter-output>
        </test-method> <!-- teardown -->
      </class> <!-- ni.automation.ni_selenium.HomePage -->
    </test> <!-- Default test -->
  </suite> <!-- Default suite -->
</testng-results>
